<?xml version="1.0" encoding="UTF-8"?>
<!-- Generated by org.testng.reporters.JUnitReportReporter -->
<testsuite hostname="pritup-HP" name="Module1.DriverClass" tests="1" failures="0" timestamp="8 Oct 2014 05:44:48 GMT" time="52.899" errors="0">
  <testcase name="testt" time="52.899" classname="Module1.DriverClass"/>
</testsuite>
